<?xml version="1.0" encoding="UTF-8"?>
<!-- Generated by org.testng.reporters.JUnitReportReporter -->
<testsuite hostname="dffbcddeeedfddfddddfcdbbbdefea-0" failures="0" tests="4" name="ai.iamneo.testing.Testing_Selenium_TestNg.AppTest" time="0.004" errors="0" timestamp="2023-08-14T13:15:57 UTC" skipped="0">
  <testcase classname="ai.iamneo.testing.Testing_Selenium_TestNg.AppTest" name="iamNeo" time="0.000"/>
  <system-out/>
  <testcase classname="ai.iamneo.testing.Testing_Selenium_TestNg.AppTest" name="nextPage" time="0.000"/>
  <system-out/>
  <testcase classname="ai.iamneo.testing.Testing_Selenium_TestNg.AppTest" name="backPage" time="0.003"/>
  <system-out/>
  <testcase classname="ai.iamneo.testing.Testing_Selenium_TestNg.AppTest" name="currentURL" time="0.001"/>
  <system-out/>
</testsuite> <!-- ai.iamneo.testing.Testing_Selenium_TestNg.AppTest -->
